2014/05/06 16:18:51 [error] [system.db.CDbCommand] Не удалось выполнить CDbCommand::fetchAll(): SQLSTATE[HY000]: General error: 2013 Lost connection to MySQL server during query. Выполнявшийся SQL-запрос: SELECT `disks_display_id`, `disks_display_name`, `disks_type`, `disks_display_translit`, `disks_rating`, `image_name`, MIN(min_display_price_fixture) AS min_price
FROM `disksIndex`
GROUP BY `disks_display_id` LIMIT 5000000.
2014/05/06 21:04:53 [error] [system.db.CDbCommand] Не удалось выполнить CDbCommand::fetchAll(): SQLSTATE[HY000]: General error: 2013 Lost connection to MySQL server during query. Выполнявшийся SQL-запрос: SELECT `disks_display_id`, `disks_display_name`, `disks_type`, `disks_display_translit`, `disks_rating`, `image_name`, MIN(min_display_price_fixture) AS min_price
FROM `disksIndex`
GROUP BY `disks_display_id` LIMIT 20.
2014/05/06 21:48:07 [error] [system.db.CDbCommand] Не удалось выполнить CDbCommand::fetchAll(): SQLSTATE[HY000]: General error: 2013 Lost connection to MySQL server during query. Выполнявшийся SQL-запрос: SELECT `disks_display_id`, `disks_display_name`, `disks_type`, `disks_display_translit`, `disks_rating`, `image_name`, MIN(min_display_price_fixture) AS min_price
FROM `disksIndex`
GROUP BY `disks_display_id` LIMIT 20.
2014/05/06 21:48:13 [error] [system.db.CDbCommand] Не удалось выполнить CDbCommand::fetchAll(): SQLSTATE[HY000]: General error: 2013 Lost connection to MySQL server during query. Выполнявшийся SQL-запрос: SELECT `disks_display_id`, `disks_display_name`, `disks_type`, `disks_display_translit`, `disks_rating`, `image_name`, MIN(min_display_price_fixture) AS min_price
FROM `disksIndex`
GROUP BY `disks_display_id` LIMIT 20.
2014/05/06 21:48:16 [error] [system.db.CDbCommand] Не удалось выполнить CDbCommand::fetchAll(): SQLSTATE[HY000]: General error: 2013 Lost connection to MySQL server during query. Выполнявшийся SQL-запрос: SELECT `disks_display_id`, `disks_display_name`, `disks_type`, `disks_display_translit`, `disks_rating`, `image_name`, MIN(min_display_price_fixture) AS min_price
FROM `disksIndex`
GROUP BY `disks_display_id` LIMIT 5000000.
2014/05/07 07:37:43 [error] [system.db.CDbCommand] Не удалось выполнить CDbCommand::fetchAll(): SQLSTATE[HY000]: General error: 2013 Lost connection to MySQL server during query. Выполнявшийся SQL-запрос: SELECT `disks_display_id`, `disks_display_name`, `disks_type`, `disks_display_translit`, `disks_rating`, `image_name`, MIN(min_display_price_fixture) AS min_price
FROM `disksIndex`
GROUP BY `disks_display_id` LIMIT 20.
2014/05/13 18:53:41 [error] [system.db.CDbCommand] Не удалось выполнить CDbCommand::execute(): SQLSTATE[0A000]: Feature not supported: 1336 Dynamic SQL is not allowed in stored function or trigger. Выполнявшийся SQL-запрос: INSERT INTO `feedbacks` (`user_name`, `feedback_text`, `rating`, `product_type`, `product_id`, `created`) VALUES (:yp0, :yp1, :yp2, :yp3, :yp4, :yp5). Bound with :yp0='5', :yp1='454', :yp2=2, :yp3=1, :yp4=15506, :yp5='1399996415'.
2014/05/23 23:00:15 [error] [system.db.CDbCommand] Не удалось выполнить CDbCommand::execute(): SQLSTATE[42000]: Syntax error or access violation: 1305 FUNCTION avto.getPartOfWordBeforeDelim does not exist. Выполнявшийся SQL-запрос: INSERT INTO `intime_warehouse` (`name`, `root`, `lft`, `rgt`, `level`) VALUES (:yp0, :yp1, :yp2, :yp3, :yp4). Bound with :yp0='Ясиноватая', :yp1=5, :yp2=2, :yp3=3, :yp4=2.
