2014.01.15 17:08:24	1	Начало импорта БД `avto`
2014.01.15 17:08:24	1	Файл: avto_shins_new_2014-01-15_19-02-33.sql.gz
2014.01.15 17:08:24	1	Установлена кодировка соединения: `binary`
2014.01.15 17:08:24	1	Импорт таблицы `avto_marks`
2014.01.15 17:08:24	1	Импорт таблицы `avto_models`
2014.01.15 17:08:24	1	Импорт таблицы `avto_modification`
2014.01.15 17:08:24	1	Импорт таблицы `disks`
2014.01.15 17:08:35	1	Импорт таблицы `disks_displays`
2014.01.15 17:08:36	1	Импорт таблицы `disks_images`
2014.01.15 17:08:45	1	Импорт таблицы `disks_material`
2014.01.15 17:08:45	1	Импорт таблицы `disks_params`
2014.01.15 17:08:45	1	Импорт таблицы `disks_type`
2014.01.15 17:08:45	1	Импорт таблицы `disks_vendors`
2014.01.15 17:08:45	1	Импорт таблицы `news`
2014.01.15 17:08:45	1	Импорт таблицы `order_comments`
2014.01.15 17:08:45	1	Импорт таблицы `order_deliverys`
2014.01.15 17:08:45	1	Импорт таблицы `order_details`
2014.01.15 17:08:45	1	Импорт таблицы `order_historys`
2014.01.15 17:08:45	1	Импорт таблицы `order_statuses`
2014.01.15 17:08:45	1	Импорт таблицы `orders`
2014.01.15 17:08:45	1	Импорт таблицы `podbor_shini`
2014.01.15 17:08:50	1	Импорт таблицы `podbor_shini_i_diski`
2014.01.15 17:08:52	1	Импорт таблицы `roles`
2014.01.15 17:08:52	1	Импорт таблицы `shins`
2014.01.15 17:09:00	1	Импорт таблицы `shins_construction`
2014.01.15 17:09:00	1	Импорт таблицы `shins_displays`
2014.01.15 17:09:00	1	Импорт таблицы `shins_germetic_mode`
2014.01.15 17:09:00	1	Импорт таблицы `shins_images`
2014.01.15 17:09:05	1	Импорт таблицы `shins_params`
2014.01.15 17:09:05	1	Импорт таблицы `shins_season`
2014.01.15 17:09:05	1	Импорт таблицы `shins_speed_index`
2014.01.15 17:09:05	1	Импорт таблицы `shins_type_of_avto`
2014.01.15 17:09:05	1	Импорт таблицы `shins_vendors`
2014.01.15 17:09:05	1	Импорт таблицы `statistica`
2014.01.15 17:09:05	1	Импорт таблицы `table_168_param`
2014.01.15 17:09:05	1	Импорт таблицы `table_225_param`
2014.01.15 17:09:05	1	Импорт таблицы `users`
2014.01.15 17:09:05	1	Импорт таблицы `vocabulary_availability`
2014.01.15 17:09:05	1	Импорт представления `products`
2014.01.15 17:09:05	1	Импорт представления `tempshins`
2014.01.15 17:09:05	1	Импорт процедуры `sp_updateAmounts`
2014.01.15 17:09:05	1	Импорт функции `parse_str`
2014.01.15 17:09:05	4	MySQL Error: You do not have the SUPER privilege and binary logging is enabled (you *might* want to use the less safe log_bin_trust_function_creators variable) (/var/www/ponzps26/data/www/new.extraload.com.ua/sxd/index.php:1587)
