2014.01.15 17:07:04	1	Начало импорта БД `avto`
2014.01.15 17:07:04	1	Файл: avto_shins_new_2014-01-15_19-02-33.sql.gz
2014.01.15 17:07:04	1	Установлена кодировка соединения: `binary`
2014.01.15 17:07:04	1	Импорт таблицы `avto_marks`
2014.01.15 17:07:04	1	Импорт таблицы `avto_models`
2014.01.15 17:07:04	1	Импорт таблицы `avto_modification`
2014.01.15 17:07:05	1	Импорт таблицы `disks`
2014.01.15 17:07:17	1	Импорт таблицы `disks_displays`
2014.01.15 17:07:19	1	Импорт таблицы `disks_images`
2014.01.15 17:07:31	1	Импорт таблицы `disks_material`
2014.01.15 17:07:31	1	Импорт таблицы `disks_params`
2014.01.15 17:07:31	1	Импорт таблицы `disks_type`
2014.01.15 17:07:31	1	Импорт таблицы `disks_vendors`
2014.01.15 17:07:31	1	Импорт таблицы `news`
2014.01.15 17:07:31	1	Импорт таблицы `order_comments`
2014.01.15 17:07:31	1	Импорт таблицы `order_deliverys`
2014.01.15 17:07:31	1	Импорт таблицы `order_details`
2014.01.15 17:07:31	1	Импорт таблицы `order_historys`
2014.01.15 17:07:31	1	Импорт таблицы `order_statuses`
2014.01.15 17:07:31	1	Импорт таблицы `orders`
2014.01.15 17:07:31	1	Импорт таблицы `podbor_shini`
2014.01.15 17:07:39	1	Импорт таблицы `podbor_shini_i_diski`
2014.01.15 17:07:40	1	Импорт таблицы `roles`
2014.01.15 17:07:40	1	Импорт таблицы `shins`
2014.01.15 17:07:48	1	Импорт таблицы `shins_construction`
2014.01.15 17:07:48	1	Импорт таблицы `shins_displays`
2014.01.15 17:07:48	1	Импорт таблицы `shins_germetic_mode`
2014.01.15 17:07:48	1	Импорт таблицы `shins_images`
