2014.02.28 12:50:57	1	Начало импорта БД `avto`
2014.02.28 12:50:57	1	Файл: avto_shins_new_2014-02-28_14-32-09.sql.gz
2014.02.28 12:50:57	1	Установлена кодировка соединения: `binary`
2014.02.28 12:50:57	1	Импорт таблицы `avto_marks`
2014.02.28 12:50:57	1	Импорт таблицы `avto_models`
2014.02.28 12:50:57	1	Импорт таблицы `avto_modification`
2014.02.28 12:50:58	1	Импорт таблицы `feedbacks`
2014.02.28 12:50:58	1	Импорт таблицы `indexLog`
2014.02.28 12:50:58	1	Импорт таблицы `news`
2014.02.28 12:50:58	1	Импорт таблицы `order_comments`
2014.02.28 12:50:58	1	Импорт таблицы `order_deliverys`
2014.02.28 12:50:58	1	Импорт таблицы `order_details`
2014.02.28 12:50:58	1	Импорт таблицы `order_historys`
2014.02.28 12:50:58	1	Импорт таблицы `order_statuses`
2014.02.28 12:50:58	1	Импорт таблицы `orders`
2014.02.28 12:50:58	1	Импорт таблицы `pages`
2014.02.28 12:50:58	1	Импорт таблицы `podbor_diski`
2014.02.28 12:51:00	1	Импорт таблицы `podbor_diski_backup`
2014.02.28 12:51:02	1	Импорт таблицы `podbor_shini`
2014.02.28 12:51:03	1	Импорт таблицы `podbor_shini_i_diski`
2014.02.28 12:51:04	1	Импорт таблицы `roles`
2014.02.28 12:51:04	1	Импорт таблицы `stat`
2014.02.28 12:51:04	1	Импорт таблицы `statistica`
2014.02.28 12:51:04	1	Импорт таблицы `table_168_param`
2014.02.28 12:51:04	1	Импорт таблицы `table_225_param`
2014.02.28 12:51:04	1	Импорт таблицы `users`
2014.02.28 12:51:04	1	Импорт таблицы `vocabulary_availability`
2014.02.28 12:51:04	1	Импорт представления `pages_view`
2014.02.28 12:51:04	4	MySQL Error: Incorrect column name \'(SELECT CAST(CONCAT(100, id) as UNSIGNED) FROM pages WHERE page_key = "diski")\' (/var/www/ponzps26/data/www/new.extraload.com.ua/sxd/index.php:1587)
