2014.01.20 13:18:05	1	Начало импорта БД `avto`
2014.01.20 13:18:05	1	Файл: avto_shins_new_2014-01-20_15-09-46.sql.gz
2014.01.20 13:18:05	1	Установлена кодировка соединения: `binary`
2014.01.20 13:18:05	1	Импорт таблицы `avto_marks`
2014.01.20 13:18:05	1	Импорт таблицы `avto_models`
2014.01.20 13:18:05	1	Импорт таблицы `avto_modification`
2014.01.20 13:18:06	1	Импорт таблицы `disks`
2014.01.20 13:18:14	1	Импорт таблицы `disks_displays`
2014.01.20 13:18:15	1	Импорт таблицы `disks_images`
2014.01.20 13:18:22	1	Импорт таблицы `disks_material`
2014.01.20 13:18:22	1	Импорт таблицы `disks_params`
2014.01.20 13:18:22	1	Импорт таблицы `disks_type`
2014.01.20 13:18:22	1	Импорт таблицы `disks_vendors`
2014.01.20 13:18:22	1	Импорт таблицы `feedbacks`
2014.01.20 13:18:22	1	Импорт таблицы `news`
2014.01.20 13:18:22	1	Импорт таблицы `order_comments`
2014.01.20 13:18:22	1	Импорт таблицы `order_deliverys`
2014.01.20 13:18:22	1	Импорт таблицы `order_details`
2014.01.20 13:18:22	1	Импорт таблицы `order_historys`
2014.01.20 13:18:22	1	Импорт таблицы `order_statuses`
2014.01.20 13:18:22	1	Импорт таблицы `orders`
2014.01.20 13:18:22	1	Импорт таблицы `podbor_shini`
2014.01.20 13:18:25	1	Импорт таблицы `podbor_shini_i_diski`
2014.01.20 13:18:26	1	Импорт таблицы `roles`
2014.01.20 13:18:26	1	Импорт таблицы `statistica`
2014.01.20 13:18:26	1	Импорт таблицы `table_168_param`
2014.01.20 13:18:26	1	Импорт таблицы `table_225_param`
2014.01.20 13:18:26	1	Импорт таблицы `users`
2014.01.20 13:18:26	1	Импорт таблицы `vocabulary_availability`
2014.01.20 13:18:26	1	Импорт представления `products`
2014.01.20 13:18:26	1	Импорт представления `tempshins`
2014.01.20 13:18:26	1	Импорт процедуры `sp_updateAmounts`
2014.01.20 13:18:26	1	Импорт функции `parse_str`
2014.01.20 13:18:26	4	MySQL Error: You do not have the SUPER privilege and binary logging is enabled (you *might* want to use the less safe log_bin_trust_function_creators variable) (/var/www/ponzps26/data/www/new.extraload.com.ua/sxd/index.php:1587)
