Wed, 08 Jan 2014 17:14:27 +0200
----------
CREATE FUNCTION `parse_str`(
        str VARCHAR(50),
        cnt SMALLINT
    ) RETURNS varchar(50) CHARSET utf8
    DETERMINISTIC
BEGIN	
	SET @buf = TRIM(LEFT(TRIM(str), CHAR_LENGTH(TRIM(str)) - cnt));
	RETURN @buf;    
END
Sat, 11 Jan 2014 13:24:31 +0200
----------
CREATE FUNCTION `parse_str`(
        str VARCHAR(50),
        cnt SMALLINT
    ) RETURNS varchar(50) CHARSET utf8
    DETERMINISTIC
BEGIN	
	SET @buf = TRIM(LEFT(TRIM(str), CHAR_LENGTH(TRIM(str)) - cnt));
	RETURN @buf;    
END
Wed, 15 Jan 2014 16:59:38 +0200
----------
CREATE FUNCTION `parse_str`(
        str VARCHAR(50),
        cnt SMALLINT
    ) RETURNS varchar(50) CHARSET utf8
    DETERMINISTIC
BEGIN	
	SET @buf = TRIM(LEFT(TRIM(str), CHAR_LENGTH(TRIM(str)) - cnt));
	RETURN @buf;    
END
Wed, 15 Jan 2014 17:02:24 +0200
----------
CREATE FUNCTION `parse_str`(
        str VARCHAR(50),
        cnt SMALLINT
    ) RETURNS varchar(50) CHARSET utf8
    DETERMINISTIC
BEGIN	
	SET @buf = TRIM(LEFT(TRIM(str), CHAR_LENGTH(TRIM(str)) - cnt));
	RETURN @buf;    
END
Wed, 15 Jan 2014 17:09:05 +0200
----------
CREATE FUNCTION `parse_str`(
        str VARCHAR(50),
        cnt SMALLINT
    ) RETURNS varchar(50) CHARSET utf8
    DETERMINISTIC
BEGIN	
	SET @buf = TRIM(LEFT(TRIM(str), CHAR_LENGTH(TRIM(str)) - cnt));
	RETURN @buf;    
END
Wed, 15 Jan 2014 17:16:42 +0200
----------
CREATE FUNCTION `parse_str`(
        str VARCHAR(50),
        cnt SMALLINT
    ) RETURNS varchar(50) CHARSET utf8
    DETERMINISTIC
BEGIN	
	SET @buf = TRIM(LEFT(TRIM(str), CHAR_LENGTH(TRIM(str)) - cnt));
	RETURN @buf;    
END
Wed, 15 Jan 2014 17:20:21 +0200
----------
CREATE FUNCTION `parse_str`(
        str VARCHAR(50),
        cnt SMALLINT
    ) RETURNS varchar(50) CHARSET utf8
    DETERMINISTIC
BEGIN	
	SET @buf = TRIM(LEFT(TRIM(str), CHAR_LENGTH(TRIM(str)) - cnt));
	RETURN @buf;    
END
Wed, 15 Jan 2014 17:20:55 +0200
----------
CREATE FUNCTION `parse_str`(
        str VARCHAR(50),
        cnt SMALLINT
    ) RETURNS varchar(50) CHARSET utf8
    DETERMINISTIC
BEGIN	
	SET @buf = TRIM(LEFT(TRIM(str), CHAR_LENGTH(TRIM(str)) - cnt));
	RETURN @buf;    
END
Mon, 20 Jan 2014 13:17:10 +0200
----------
CREATE ALGORITHM=UNDEFINED SQL SECURITY DEFINER VIEW `products` AS select `shins`.`id` AS `id`,'shina' AS `type`,`shins`.`product_name` AS `product_name` from `shins` union all select `disks`.`id` AS `id`,'disk' AS `type`,`disks`.`product_name` AS `product_name` from `disks`
Mon, 20 Jan 2014 13:17:55 +0200
----------
CREATE FUNCTION `parse_str`(
        str VARCHAR(50),
        cnt SMALLINT
    ) RETURNS varchar(50) CHARSET utf8
    DETERMINISTIC
BEGIN	
	SET @buf = TRIM(LEFT(TRIM(str), CHAR_LENGTH(TRIM(str)) - cnt));
	RETURN @buf;    
END
Mon, 20 Jan 2014 13:18:26 +0200
----------
CREATE FUNCTION `parse_str`(
        str VARCHAR(50),
        cnt SMALLINT
    ) RETURNS varchar(50) CHARSET utf8
    DETERMINISTIC
BEGIN	
	SET @buf = TRIM(LEFT(TRIM(str), CHAR_LENGTH(TRIM(str)) - cnt));
	RETURN @buf;    
END
Thu, 23 Jan 2014 10:45:24 +0200
----------
INSERT INTO `shins_images`(`id`,`shins_id`,`imageName`,`typeImage`,`shins_display_id`) VALUES 
 
(3,34964,'548442.jpg',3,15506),
(6,34965,'548450.jpg',3,15506),
(9,34966,'548454.jpg',3,15506),
(10,34966,'1065679.jpg',3,15506),
(13,34967,'548457.jpg',3,15506),
(14,34967,'1065693.jpg',3,15506),
(17,34968,'548460.jpg',3,15506),
(18,34968,'1065703.jpg',3,15506),
(21,34969,'548463.jpg',3,15506),
(22,34969,'1065709.jpg',3,15506),
(25,34970,'548457.jpg',3,15506),
(26,34970,'1065717.jpg',3,15506),
(29,34971,'548466.jpg',3,15506),
(30,34971,'1065721.jpg',3,15506),
(33,34973,'1065727.jpg',3,15509),
(36,34974,'1065731.jpg',3,15509),
(39,34975,'1065737.jpg',3,15509),
(42,34976,'1065739.jpg',3,15509),
(45,34977,'1065743.jpg',3,15509),
(48,34978,'1065751.jpg',3,15509),
(51,34979,'1065755.jpg',3,15509),
(54,34980,'1065759.jpg',3,15509),
(57,34981,'1065763.jpg',3,15509),
(60,34982,'1008171.jpg',3,15509),
(63,34984,'548522.jpg',3,15509),
(64,34984,'1065781.jpg',3,15509),
(67,34987,'1065793.jpg',3,15509),
(70,34988,'1065797.jpg',3,15509),
(73,34989,'1066939.jpg',3,15509),
(76,34990,'1066951.jpg',3,15509),
(79,34991,'1068125.jpg',3,15509),
(82,34992,'1066973.jpg',3,15509),
(85,34993,'1068129.jpg',3,15509),
(88,34994,'1067371.jpg',3,15509),
(91,34995,'548562.jpg',3,15509),
(94,34996,'556685.jpg',3,15509),
(97,34997,'1068133.jpg',3,15509),
(100,34998,'1067382.jpg',3,15509),
(103,34999,'1066999.jpg',3,15509),
(106,35001,'548573.jpg',3,15492),
(109,35002,'548579.jpg',3,15492),
(112,35003,'552711.jpg',3,15492),
(115,35004,'548586.jpg',3,15492),
(118,35005,'552719.jpg',3,15492),
(121,35006,'552728.jpg',3,15492),
(124,35008,'548594.jpg',3,15495),
(127,35009,'552736.jpg',3,15495),
(130,35010,'556692.jpg',3,15495),
(133,35011,'552746.jpg',3,15495),
(136,35012,'556701.jpg',3,15495),
(139,35013,'1067033.jpg',3,15495),
(142,35014,'1067423.jpg',3,15495),
(145,35015,'562254.jpg',3,15495),
(148,35016,'563173.jpg',3,15495),
(151,35017,'1067427.jpg',3,15495),
(154,35018,'548608.jpg',3,15495),
(157,35019,'1067441.jpg',3,15495),
(160,35020,'548616.jpg',3,15495),
(163,35022,'548631.jpg',3,15491),
(166,35023,'548637.jpg',3,15491),
(169,35024,'548642.jpg',3,15503),
(172,35025,'562262.jpg',3,15501),
(175,35027,'548649.jpg',3,15395),
(178,35028,'548655.jpg',3,15395),
(181,35029,'548665.jpg',3,15395),
(184,35030,'548672.jpg',3,15395),
(187,35031,'552763.jpg',3,15395),
(190,35032,'548679.jpg',3,15395),
(193,35033,'548684.jpg',3,15395),
(196,35034,'552772.jpg',3,15395),
(199,35035,'552780.jpg',3,15395),
(202,35036,'860976.jpg',3,15395),
(205,35037,'552784.jpg',3,15387),
(208,35038,'552789.jpg',3,15391),
(211,35040,'552793.jpg',3,15388),
(214,35041,'552797.jpg',3,15388),
(217,35042,'562266.jpg',3,15388),
(220,35043,'562271.jpg',3,15388),
(223,35044,'562274.jpg',3,15388),
(226,35045,'548688.jpg',3,15388),
(229,35046,'548691.jpg',3,15388),
(232,35047,'552803.jpg',3,15388),
(235,35049,'548713.jpg',3,15428),
(236,35049,'548716.jpg',3,15428),
(239,35050,'552814.jpg',3,15428),
(242,35051,'548713.jpg',3,15428),
(243,35051,'548716.jpg',3,15428),
(246,35052,'548698.jpg',3,15428),
(249,35053,'548706.jpg',3,15428),
(252,35054,'548713.jpg',3,15428),
(253,35054,'548716.jpg',3,15428),
(256,35055,'552825.jpg',3,15428),
(259,35056,'548713.jpg',3,15428),
(260,35056,'548716.jpg',3,15428),
(263,35057,'552835.jpg',3,15428),
(266,35058,'548724.jpg',3,15428),
(269,35059,'548713.jpg',3,15428),
(270,35059,'548716.jpg',3,15428),
(273,35060,'548732.jpg',3,15428),
(276,35061,'548713.jpg',3,15428),
(277,35061,'548716.jpg',3,15428),
(280,35063,'548740.jpg',3,15428),
(283,35064,'548713.jpg',3,15428),
(284,35064,'548716.jpg',3,15428),
(287,35066,'563183.jpg',3,15424),
(290,35067,'548822.jpg',3,15426),
(293,35068,'562294.jpg',3,15427),
(296,35069,'562303.jpg',3,15424),
(299,35070,'548748.jpg',3,15424),
(302,35071,'548756.jpg',3,15427),
(303,35071,'548759.jpg',3,15427),
(306,35072,'548768.jpg',3,15424),
(309,35073,'548756.jpg',3,15427),
(310,35073,'548759.jpg',3,15427),
(313,35074,'562312.jpg',3,15425),
(316,35075,'548776.jpg',3,15425),
(319,35076,'562317.jpg',3,15426),
(320,35076,'562322.jpg',3,15426),
(323,35077,'552843.jpg',3,15425),
(326,35078,'552851.jpg',3,15424),
(329,35079,'552860.jpg',3,15424),
(332,35080,'548756.jpg',3,15427),
(333,35080,'548759.jpg',3,15427),
(336,35081,'552868.jpg',3,15427),
(339,35082,'552843.jpg',3,15425),
(340,35082,'563186.jpg',3,15425),
(343,35083,'548781.jpg',3,15426),
(344,35083,'548783.jpg',3,15426),
(347,35084,'562330.jpg',3,15426),
(350,35085,'562341.jpg',3,15427),
(353,35086,'548787.jpg',3,15426),
(356,35087,'562345.jpg',3,15426),
(357,35087,'562350.jpg',3,15426),
(360,35088,'548789.jpg',3,15426),
(363,35089,'548791.jpg',3,15425),
(366,35090,'548793.jpg',3,15426),
(369,35092,'552877.jpg',3,15426),
(372,35093,'548796.jpg',3,15426),
(375,35094,'563195.jpg',3,15426),
(376,35094,'563199.jpg',3,15426),
(379,35095,'548804.jpg',3,15425),
(380,35095,'548806.jpg',3,15425),
(383,35096,'562360.jpg',3,15426),
(384,35096,'562365.jpg',3,15426),
(387,35097,'548814.jpg',3,15426),
(388,35097,'548820.jpg',3,15426),
(391,35098,'548822.jpg',3,15426),
(394,35099,'562375.jpg',3,15425),
(395,35099,'562379.jpg',3,15425),
(398,35100,'548830.jpg',3,15425),
(399,35100,'548834.jpg',3,15425),
(402,35102,'548840.jpg',3,15426),
(403,35102,'548844.jpg',3,15426),
(406,35106,'548776.jpg',3,15425),
(409,35108,'552885.jpg',3,15433),
(412,35109,'552892.jpg',3,15429),
(415,35111,'563216.jpg',3,15429),
(416,35111,'563219.jpg',3,15429),
(419,35112,'552901.jpg',3,15435),
(420,35112,'552905.jpg',3,15435),
(423,35113,'548859.jpg',3,15431),
(424,35113,'548862.jpg',3,15431),
(427,35114,'548869.jpg',3,15435),
(430,35115,'548931.jpg',3,15435),
(431,35115,'548933.jpg',3,15435),
(434,35116,'562390.jpg',3,15430),
(437,35117,'548877.jpg',3,15435),
(440,35118,'548885.jpg',3,15430),
(443,35119,'548891.jpg',3,15432),
(444,35119,'548893.jpg',3,15432),
(447,35120,'552917.jpg',3,15435),
(450,35121,'552925.jpg',3,15430),
(453,35123,'552935.jpg',3,15435),
(456,35124,'548901.jpg',3,15429),
(459,35125,'552901.jpg',3,15435),
(462,35126,'548907.jpg',3,15429),
(465,35127,'548914.jpg',3,15430),
(468,35128,'548921.jpg',3,15432),
(471,35129,'563226.jpg',3,15429),
(474,35130,'563234.jpg',3,15434),
(477,35131,'562400.jpg',3,15435),
(480,35132,'548927.jpg',3,15433),
(483,35133,'562409.jpg',3,15429),
(486,35134,'548931.jpg',3,15435),
(487,35134,'548933.jpg',3,15435),
(490,35135,'552901.jpg',3,15435),
(493,35136,'563241.jpg',3,15429),
(496,35137,'548939.jpg',3,15432),
(499,35138,'548945.jpg',3,15433),
(500,35138,'548949.jpg',3,15433),
(503,35139,'548955.jpg',3,15430),
(506,35140,'562417.jpg',3,15430),
(509,35141,'548961.jpg',3,15431),
(510,35141,'548964.jpg',3,15431),
(513,35142,'552944.jpg',3,15435),
(516,35144,'548971.jpg',3,15432),
(519,35145,'548975.jpg',3,15431),
(520,35145,'548979.jpg',3,15431),
(523,35146,'548985.jpg',3,15431),
(526,35147,'563257.jpg',3,15430),
(529,35148,'552949.jpg',3,15433),
(532,35149,'562426.jpg',3,15433),
(535,35150,'548990.jpg',3,15435),
(538,35151,'552958.jpg',3,15433),
(541,35152,'552962.jpg',3,15431),
(542,35152,'552966.jpg',3,15431),
(545,35153,'563265.jpg',3,15431),
(548,35154,'548993.jpg',3,15432),
(549,35154,'548995.jpg',3,15432),
(552,35155,'549001.jpg',3,15429),
(555,35156,'552975.jpg',3,15433),
(556,35156,'552979.jpg',3,15433),
(559,35157,'549007.jpg',3,15435),
(562,35162,'549010.jpg',3,15450),
(565,35163,'552983.jpg',3,15450),
(568,35164,'562430.jpg',3,15450),
(571,35165,'549014.jpg',3,15421),
(574,35166,'562440.jpg',3,15450),
(577,35168,'552992.jpg',3,15430),
(580,35171,'552995.jpg',3,15452),
(583,35172,'553000.jpg',3,15452),
(586,35173,'549023.jpg',3,15452),
(589,35174,'553003.jpg',3,15452),
(592,35177,'553008.jpg',3,15431),
(593,35177,'553012.jpg',3,15431),
(596,35178,'563283.jpg',3,15431),
(597,35178,'563289.jpg',3,15431),
(600,35179,'549027.jpg',3,15431),
(601,35179,'549031.jpg',3,15431),
(604,35180,'549033.jpg',3,15419),
(607,35181,'549039.jpg',3,15447),
(610,35183,'562449.jpg',3,15418),
(611,35183,'562454.jpg',3,15418),
(614,35184,'562460.jpg',3,15418),
(617,35185,'563293.jpg',3,15418),
(618,35185,'563297.jpg',3,15418),
(621,35186,'549045.jpg',3,15418),
(622,35186,'549047.jpg',3,15418),
(625,35188,'553016.jpg',3,15448),
(628,35189,'549053.jpg',3,15448),
(631,35190,'549057.jpg',3,15448),
(634,35191,'549053.jpg',3,15448),
(637,35192,'562464.jpg',3,15448),
(640,35193,'562467.jpg',3,15448),
(643,35195,'562471.jpg',3,15439),
(646,35197,'553027.jpg',3,15439),
(649,35198,'549067.jpg',3,15440),
(652,35199,'549072.jpg',3,15445),
(655,35200,'549075.jpg',3,15446),
(658,35201,'553033.jpg',3,15442),
(661,35202,'565096.jpg',3,15451),
(664,35203,'549082.jpg',3,15443),
(667,35205,'549090.jpg',3,15441),
(670,35206,'549097.jpg',3,15441),
(673,35207,'553036.jpg',3,15444),
(676,35209,'562475.jpg',3,15438),
(679,35210,'549100.jpg',3,15438),
(682,35211,'553040.jpg',3,15438),
(685,35212,'549102.jpg',3,15438),
(688,35213,'562479.jpg',3,15449),
(691,35214,'553049.jpg',3,15436),
(694,35215,'553053.jpg',3,15423),
(697,35217,'549110.jpg',3,15437),
(700,35218,'553057.jpg',3,15437),
(703,35219,'549112.jpg',3,15416),
(706,35221,'562487.jpg',3,15534),
(709,35222,'549135.jpg',3,\N),
(712,35223,'549120.jpg',3,15534),
(715,35225,'553067.jpg',3,15534),
(718,35226,'549130.jpg',3,15534),
(721,35227,'562498.jpg',3,15534),
(724,35228,'549135.jpg',3,\N),
(727,35229,'563306.jpg',3,15534),
(730,35230,'562506.jpg',3,15534),
(733,35231,'549142.jpg',3,15534),
(736,35232,'553077.jpg',3,15534),
(739,35233,'549150.jpg',3,15534),
(742,35234,'549152.jpg',3,15534),
(745,35235,'553085.jpg',3,15534),
(748,35236,'549135.jpg',3,\N),
(751,35237,'565100.jpg',3,15534),
(754,35238,'553094.jpg',3,15534),
(757,35239,'549158.jpg',3,15534),
(760,35240,'549135.jpg',3,\N),
(763,35241,'563310.jpg',3,15534),
(766,35242,'562512.jpg',3,\N),
(769,35243,'549135.jpg',3,\N),
(772,35244,'549164.jpg',3,15534),
(775,35245,'549135.jpg',3,\N),
(778,35246,'565104.jpg',3,15534),
(781,35247,'553100.jpg',3,\N),
(784,35248,'565106.jpg',3,\N),
(787,35249,'549135.jpg',3,\N),
(790,35250,'549167.jpg',3,15534),
(793,35251,'553109.jpg',3,15534),
(796,35252,'553119.jpg',3,15534),
(799,35253,'553125.jpg',3,15534),
(802,35254,'549174.jpg',3,15534),
(805,35255,'549181.jpg',3,15534),
(808,35256,'563318.jpg',3,15534),
(811,35257,'562518.jpg',3,15534),
(814,35258,'549185.jpg',3,15534),
(817,35259,'553131.jpg',3,15534),
(820,35261,'549193.jpg',3,15577),
(823,35262,'549193.jpg',3,15577),
(826,35263,'549193.jpg',3,15577),
(829,35264,'549193.jpg',3,15577),
(832,35265,'549193.jpg',3,15577),
(835,35266,'549197.jpg',3,15577),
(838,35267,'549193.jpg',3,15577),
(841,35268,'549193.jpg',3,15577),
(844,35269,'549193.jpg',3,15577),
(847,35270,'549193.jpg',3,15577),
(850,35271,'549193.jpg',3,15577),
(853,35272,'549207.jpg',3,15550),
(856,35273,'549193.jpg',3,15577),
(859,35274,'549193.jpg',3,15577),
(862,35275,'549193.jpg',3,15577),
(865,35276,'549193.jpg',3,15577),
(868,35277,'549193.jpg',3,15577),
(871,35278,'549193.jpg',3,15577),
(874,35279,'549193.jpg',3,15577),
(877,35280,'549193.jpg',3,15577),
(880,35281,'565110.jpg',3,15550),
(883,35282,'549193.jpg',3,15577),
(886,35283,'549193.jpg',3,15577),
(889,35284,'553140.jpg',3,15550),
(892,35285,'549193.jpg',3,15577),
(895,35286,'549193.jpg',3,15577),
(898,35287,'1250219.jpg',3,15550),
(901,35288,'549193.jpg',3,15577),
(904,35289,'549193.jpg',3,15577),
(907,35290,'549216.jpg',3,15550),
(910,35293,'549224.jpg',3,15554),
(913,35294,'562529.jpg',3,15554),
(916,35295,'549231.jpg',3,\N),
(919,35296,'562538.jpg',3,15554),
(922,35297,'549231.jpg',3,\N),
(925,35298,'563326.jpg',3,15554),
(928,35299,'553151.jpg',3,15554),
(931,35300,'553161.jpg',3,15554),
(934,35301,'549231.jpg',3,\N),
(937,35302,'562548.jpg',3,15554),
(940,35303,'553172.jpg',3,15554),
(943,35304,'549239.jpg',3,15554),
(946,35305,'549231.jpg',3,\N),
(949,35306,'553180.jpg',3,15554),
(952,35307,'549231.jpg',3,\N),
(955,35308,'553189.jpg',3,15554),
(958,35309,'563335.jpg',3,15554),
(961,35310,'549231.jpg',3,\N),
(964,35311,'549246.jpg',3,15554),
(967,35312,'562557.jpg',3,15554),
(970,35313,'562564.jpg',3,15555),
(973,35314,'553197.jpg',3,15554),
(976,35316,'553206.jpg',3,15578),
(979,35317,'553215.jpg',3,15579),
(982,35318,'549257.jpg',3,15579),
(985,35319,'562572.jpg',3,15579),
(988,35320,'562583.jpg',3,15579),
(991,35321,'549264.jpg',3,15579),
(994,35322,'553224.jpg',3,15579),
(997,35323,'553233.jpg',3,15579),
(1000,35324,'549270.jpg',3,15579),
(1003,35325,'562594.jpg',3,15579),
(1006,35326,'553243.jpg',3,15579),
(1009,35327,'562602.jpg',3,15579),
(1012,35328,'553251.jpg',3,15579),
(1015,35329,'553260.jpg',3,15579),
(1018,35330,'549277.jpg',3,15579),
(1021,35331,'549282.jpg',3,15579),
(1024,35332,'549289.jpg',3,15579),
(1027,35333,'549296.jpg',3,15579),
(1030,35334,'549302.jpg',3,15579),
(1033,35335,'549314.jpg',3,15579),
(1036,35336,'565184.jpg',3,15579),
(1039,35337,'553266.jpg',3,15579),
(1042,35339,'562607.jpg',3,15553),
(1045,35340,'549317.jpg',3,15553),
(1048,35341,'563339.jpg',3,15553),
(1051,35342,'553270.jpg',3,15553),
(1054,35343,'549320.jpg',3,15553),
(1057,35344,'549323.jpg',3,15553),
(1060,35345,'549326.jpg',3,15553),
(1063,35346,'549330.jpg',3,15553),
(1066,35347,'563344.jpg',3,15553),
(1069,35348,'553273.jpg',3,15553),
(1072,35349,'549333.jpg',3,15553),
(1075,35350,'549336.jpg',3,15553),
(1078,35351,'549339.jpg',3,15553),
(1081,35352,'562611.jpg',3,15553),
(1084,35353,'553278.jpg',3,15553),
(1087,35354,'553282.jpg',3,15553),
(1090,35355,'553287.jpg',3,15553),
(1093,35356,'549342.jpg',3,15553),
(1096,35357,'553291.jpg',3,15553),
(1099,35358,'563347.jpg',3,15553),
(1102,35359,'553295.jpg',3,15553),
(1105,35360,'553299.jpg',3,15553),
(1108,35362,'553308.jpg',3,15542),
(1111,35363,'549351.jpg',3,15542),
(1114,35364,'549358.jpg',3,15542),
(1117,35365,'563357.jpg',3,15542),
(1120,35366,'549366.jpg',3,15542),
(1123,35367,'549374.jpg',3,15542),
(1126,35368,'549379.jpg',3,15542),
(1129,35369,'553312.jpg',3,15542),
(1132,35371,'553325.jpg',3,15563),
(1135,35372,'549388.jpg',3,15563),
(1138,35373,'549395.jpg',3,15563),
(1141,35374,'549400.jpg',3,15564),
(1144,35375,'549408.jpg',3,15563),
(1147,35376,'549416.jpg',3,15563),
(1150,35377,'553330.jpg',3,\N),
(1153,35379,'549420.jpg',3,15565),
(1156,35380,'553347.jpg',3,15563),
(1159,35381,'563366.jpg',3,15563),
(1162,35382,'553330.jpg',3,\N),
(1165,35383,'549427.jpg',3,15563),
(1168,35384,'553355.jpg',3,15563),
(1171,35386,'549435.jpg',3,15563),
(1174,35387,'563369.jpg',3,15563),
(1177,35388,'553364.jpg',3,15563),
(1180,35389,'549440.jpg',3,15563),
(1183,35390,'549446.jpg',3,15564),
(1186,35391,'562630.jpg',3,15564),
(1189,35392,'553330.jpg',3,\N),
(1192,35393,'562639.jpg',3,15563),
(1195,35394,'553377.jpg',3,15563),
(1198,35395,'549453.jpg',3,15564),
(1201,35396,'549460.jpg',3,15563),
(1204,35397,'553386.jpg',3,15564),
(1207,35399,'549467.jpg',3,15540),
(1210,35400,'553394.jpg',3,15540),
(1213,35401,'549474.jpg',3,15540),
(1216,35402,'562647.jpg',3,15540),
(1219,35403,'563375.jpg',3,15540),
(1222,35404,'553404.jpg',3,15540),
(1225,35405,'553413.jpg',3,15540),
(1228,35406,'553426.jpg',3,15540),
(1231,35407,'549480.jpg',3,15540),
(1234,35408,'549487.jpg',3,15540),
(1237,35409,'562655.jpg',3,15540),
(1240,35410,'549494.jpg',3,15540),
(1243,35411,'562664.jpg',3,15540),
(1246,35412,'562674.jpg',3,15540),
(1249,35413,'553433.jpg',3,15540),
(1252,35414,'553442.jpg',3,15540),
(1255,35415,'553450.jpg',3,15540),
(1258,35416,'553458.jpg',3,15540),
(1261,35417,'562681.jpg',3,15540),
(1264,35418,'562692.jpg',3,15540),
(1267,35419,'549500.jpg',3,15540),
(1270,35420,'562696.jpg',3,15540),
(1273,35421,'549508.jpg',3,15540),
(1276,35422,'562704.jpg',3,15540),
(1279,35423,'553468.jpg',3,15540),
(1282,35424,'553478.jpg',3,15540),
(1285,35425,'562712.jpg',3,15540),
(1288,35426,'549514.jpg',3,15540),
(1291,35427,'553486.jpg',3,15540),
(1294,35428,'549520.jpg',3,15540),
(1297,35429,'553495.jpg',3,15540),
(1300,35430,'2905603.jpg',3,15540),
(1303,35431,'549528.jpg',3,15540),
(1306,35432,'562721.jpg',3,15540),
(1309,35433,'553510.jpg',3,15540),
(1312,35434,'553518.jpg',3,15540),
(1315,35435,'549536.jpg',3,15540),
(1318,35436,'562729.jpg',3,15540),
(1321,35437,'553526.jpg',3,15540),
(1324,35438,'565188.jpg',3,15540),
(1327,35439,'549543.jpg',3,15540),
(1330,35440,'549548.jpg',3,15540),
(1333,35441,'553534.jpg',3,15540),
(1336,35442,'553543.jpg',3,15540),
(1339,35443,'549555.jpg',3,15540),
(1342,35444,'549560.jpg',3,15540),
(1345,35445,'565192.jpg',3,15540),
(1348,35446,'562737.jpg',3,15540),
(1351,35447,'549568.jpg',3,15540),
(1354,35448,'553550.jpg',3,15540),
(1357,35449,'562745.jpg',3,15540),
(1360,35450,'562753.jpg',3,15540),
(1363,35451,'553560.jpg',3,15540),
(1366,35452,'553570.jpg',3,15540),
(1369,35453,'553580.jpg',3,15540),
(1372,35454,'549573.jpg',3,15540),
(1375,35455,'549580.jpg',3,15540),
(1378,35456,'549587.jpg',3,15540),
(1381,35457,'549594.jpg',3,15540),
(1384,35459,'549600.jpg',3,15560),
(1387,35460,'549607.jpg',3,15560),
(1390,35461,'553589.jpg',3,15560),
(1393,35462,'565196.jpg',3,15560),
(1396,35463,'553597.jpg',3,15560),
(1399,35464,'549615.jpg',3,15560),
(1402,35465,'553605.jpg',3,15560),
(1405,35466,'549622.jpg',3,15560),
(1408,35467,'549629.jpg',3,15560),
(1411,35468,'549637.jpg',3,15560),
(1414,35469,'549642.jpg',3,15560),
(1417,35470,'549646.jpg',3,15560),
(1420,35471,'549650.jpg',3,15560),
(1423,35472,'549654.jpg',3,15560),
(1426,35473,'563380.jpg',3,15560),
(1429,35474,'562763.jpg',3,15560),
(1432,35475,'556707.jpg',3,15560),
(1435,35476,'553622.jpg',3,15560),
(1438,35477,'562771.jpg',3,15560),
(1441,35478,'549661.jpg',3,15560),
(1444,35479,'553628.jpg',3,15560),
(1447,35480,'549668.jpg',3,15560),
(1450,35481,'549673.jpg',3,15560),
(1453,35482,'553636.jpg',3,15560),
(1456,35483,'563389.jpg',3,15560),
(1459,35484,'549679.jpg',3,15560),
(1462,35485,'562779.jpg',3,15560),
(1465,35487,'553644.jpg',3,15571),
(1468,35488,'549686.jpg',3,15571),
(1471,35489,'562783.jpg',3,15571),
(1474,35490,'562796.jpg',3,15571),
(1477,35491,'553648.jpg',3,15571),
(1480,35492,'549692.jpg',3,15572),
(1483,35493,'549698.jpg',3,15571),
(1486,35494,'549703.jpg',3,15572),
(1489,35495,'553657.jpg',3,15571),
(1492,35496,'553665.jpg',3,15571),
(1495,35497,'562804.jpg',3,15571),
(1498,35498,'549709.jpg',3,15571),
(1501,35499,'549716.jpg',3,15572),
(1504,35500,'549722.jpg',3,15571),
(1507,35501,'549728.jpg',3,15572),
(1510,35502,'553677.jpg',3,15571),
(1513,35503,'562812.jpg',3,15572),
(1516,35504,'549733.jpg',3,15571),
(1519,35505,'549737.jpg',3,15571),
(1522,35506,'549740.jpg',3,15571),
(1525,35508,'562821.jpg',3,15568),
(1528,35509,'549746.jpg',3,15568),
(1531,35510,'553681.jpg',3,15568),
(1534,35511,'563392.jpg',3,15568),
(1537,35512,'549748.jpg',3,15568),
(1540,35515,'549754.jpg',3,15532),
(1543,35516,'549754.jpg',3,15532),
(1546,35517,'549754.jpg',3,15532),
(1549,35518,'549754.jpg',3,15532),
(1552,35519,'549754.jpg',3,15532),
(1555,35520,'549754.jpg',3,15532),
(1558,35521,'549754.jpg',3,15532),
(1561,35522,'549754.jpg',3,15532),
(1564,35525,'549759.jpg',3,15561),
(1567,35526,'565198.jpg',3,15561),
(1570,35527,'549762.jpg',3,15561),
(1573,35529,'549768.jpg',3,15561),
(1576,35530,'553695.jpg',3,15561),
(1579,35531,'553705.jpg',3,15562),
(1582,35532,'562830.jpg',3,15562),
(1585,35533,'562834.jpg',3,15561),
(1588,35535,'549772.jpg',3,15562),
(1591,35536,'562838.jpg',3,15561),
(1594,35537,'549775.jpg',3,15561),
(1597,35540,'549782.jpg',3,15545),
(1600,35542,'1961337.jpg',3,15575),
(1603,35543,'562849.jpg',3,15543),
(1606,35544,'549790.jpg',3,15546),
(1609,35547,'553717.jpg',3,15570),
(1612,35548,'553721.jpg',3,15570),
(1615,35549,'553725.jpg',3,15570),
(1618,35551,'562858.jpg',3,15547),
(1621,35552,'549798.jpg',3,15538),
(1624,35554,'549853.jpg',3,15517),
(1627,35555,'549808.jpg',3,15517),
(1630,35556,'562867.jpg',3,15517),
(1633,35557,'549853.jpg',3,15517),
(1636,35558,'549814.jpg',3,15517),
(1639,35559,'549820.jpg',3,15517),
(1642,35560,'553742.jpg',3,15517),
(1645,35561,'549828.jpg',3,15517),
(1648,35562,'549814.jpg',3,15517),
(1651,35563,'549836.jpg',3,15517),
(1654,35564,'549844.jpg',3,15517),
(1657,35565,'549851.jpg',3,15517),
(1660,35567,'549853.jpg',3,15517),
(1663,35568,'549860.jpg',3,15517),
(1666,35569,'553755.jpg',3,15521),
(1669,35571,'549866.jpg',3,15523),
(1672,35572,'549874.jpg',3,15523),
(1675,35573,'565202.jpg',3,15523),
(1678,35574,'549882.jpg',3,15523),
(1681,35575,'549882.jpg',3,15523),
(1684,35576,'549890.jpg',3,15523),
(1687,35577,'549895.jpg',3,15523),
(1690,35578,'549882.jpg',3,15523),
(1693,35579,'549882.jpg',3,15523),
(1696,35580,'549882.jpg',3,15523),
(1699,35581,'562885.jpg',3,15523),
(1702,35582,'549901.jpg',3,15523),
(1705,35583,'549903.jpg',3,15523),
(1708,35584,'565211.jpg',3,15523),
(1711,35585,'553763.jpg',3,15523),
(1714,35586,'565221.jpg',3,15523),
(1717,35588,'553771.jpg',3,15523),
(1720,35589,'549882.jpg',3,15523),
(1723,35590,'553779.jpg',3,15523),
(1726,35591,'549882.jpg',3,15523),
(1729,35592,'553788.jpg',3,15523),
(1732,35593,'553795.jpg',3,15523),
(1735,35594,'562895.jpg',3,15523),
(1738,35595,'553803.jpg',3,15523),
(1741,35596,'549882.jpg',3,15523),
(1744,35597,'549882.jpg',3,15523),
(1747,35598,'549882.jpg',3,15523),
(1750,35599,'549882.jpg',3,15523),
(1753,35600,'553811.jpg',3,15523),
(1756,35601,'549882.jpg',3,15523),
(1759,35602,'553815.jpg',3,15523),
(1762,35603,'553825.jpg',3,15523),
(1765,35604,'562905.jpg',3,15523),
(1768,35607,'553836.jpg',3,15523),
(1771,35610,'553865.jpg',3,15523),
(1774,35611,'553874.jpg',3,15523),
(1777,35612,'553881.jpg',3,15523),
(1780,35613,'553889.jpg',3,15523),
(1783,35614,'565232.jpg',3,15523),
(1786,35615,'553897.jpg',3,15523),
(1789,35616,'549882.jpg',3,15523),
(1792,35617,'549882.jpg',3,15523),
(1795,35618,'549882.jpg',3,15523),
(1798,35620,'562914.jpg',3,15511),
(1801,35621,'553910.jpg',3,15511),
(1804,35622,'553920.jpg',3,15511),
(1807,35623,'553928.jpg',3,15511),
(1810,35624,'554063.jpg',3,15512),
(1813,35625,'553937.jpg',3,15511),
(1816,35626,'553947.jpg',3,15511),
(1819,35627,'553954.jpg',3,15511),
(1822,35628,'563409.jpg',3,15511),
(1825,35629,'553963.jpg',3,15511),
(1828,35631,'565246.jpg',3,15515),
(1831,35632,'565252.jpg',3,15515),
(1834,35633,'553975.jpg',3,15515),
(1837,35634,'553983.jpg',3,15515),
(1840,35635,'553992.jpg',3,15515),
(1843,35636,'565260.jpg',3,15515),
(1846,35637,'554000.jpg',3,15515),
(1849,35639,'554021.jpg',3,15515),
(1852,35640,'554029.jpg',3,15515),
(1855,35642,'554037.jpg',3,15526),
(1858,35643,'554040.jpg',3,15526),
(1861,35644,'563418.jpg',3,15526),
(1864,35645,'562927.jpg',3,15526),
(1867,35646,'554048.jpg',3,15526),
(1870,35647,'554051.jpg',3,15526),
(1873,35650,'554063.jpg',3,15512),
(1876,35651,'554059.jpg',3,15512),
(1879,35652,'554063.jpg',3,15512),
(1882,35653,'554063.jpg',3,15512),
(1885,35654,'554063.jpg',3,15512),
(1888,35655,'562941.jpg',3,15518),
(1891,35656,'554067.jpg',3,15522),
(1894,35658,'554075.jpg',3,15521),
(1897,35661,'554095.jpg',3,15521),
(1900,35664,'554123.jpg',3,15521),
(1903,35666,'554136.jpg',3,15514),
(1906,35667,'554146.jpg',3,15514),
(1909,35668,'554155.jpg',3,15514),
(1912,35669,'554159.jpg',3,15514),
(1915,35670,'562949.jpg',3,15514),
(1918,35671,'565263.jpg',3,15519),
(1921,35673,'563427.jpg',3,16331),
(1924,35674,'1008287.jpg',3,15667),
(1927,35675,'563443.jpg',3,16331),
(1930,35676,'563452.jpg',3,16332),
(1933,35677,'563462.jpg',3,17388),
(1936,35678,'563471.jpg',3,17449),
(1939,35679,'565476.jpg',3,16457),
(1942,35680,'1008289.jpg',3,15667),
(1945,35682,'1008291.jpg',3,15667),
(1948,35687,'565512.jpg',3,16331),
(1951,35688,'565521.jpg',3,18176),
(1954,35691,'565544.jpg',3,16331),
(1957,35693,'565560.jpg',3,16332),
(1960,35694,'1008315.jpg',3,15667),
(1963,35695,'565577.jpg',3,15601),
(1966,35696,'565586.jpg',3,17389),
(1969,35697,'565594.jpg',3,17389),
(1972,35698,'1698123.jpg',3,18138),
(1975,35699,'565608.jpg',3,16458),
(1978,35700,'1008317.jpg',3,15667),
(1981,35701,'565544.jpg',3,16331),
(1984,35702,'563500.jpg',3,18172),
(1987,35704,'565476.jpg',3,16457),
(1990,35705,'565631.jpg',3,18176),
(1993,35706,'565637.jpg',3,15601),
(1996,35707,'566132.jpg',3,15601),
(1999,35708,'566136.jpg',3,17390),
(2002,35709,'566140.jpg',3,18176),
(2005,35710,'566144.jpg',3,17416),
(2008,35711,'1698127.jpg',3,18138),
(2011,35712,'566150.jpg',3,15798),
(2014,35713,'565544.jpg',3,16331),
(2017,35714,'566154.jpg',3,17222),
(2020,35715,'566159.jpg',3,16331),
(2023,35716,'566165.jpg',3,17389),
(2026,35717,'566169.jpg',3,17390),
(2029,35718,'566175.jpg',3,17222),
(2032,35719,'1008319.jpg',3,15667),
(2035,35720,'571893.jpg',3,17389),
(2038,35721,'571897.jpg',3,16458),
(2041,35722,'571901.jpg',3,15795),
(2044,35724,'565476.jpg',3,16457),
(2047,35725,'571909.jpg',3,16331),
(2050,35726,'571913.jpg',3,16009),
(2053,35727,'571917.jpg',3,16009),
(2056,35728,'571921.jpg',3,16458),
(2059,35729,'571925.jpg',3,16331),
(2062,35730,'571929.jpg',3,15747),
(2065,35731,'1254497.jpg',3,18138),
(2068,35732,'571937.jpg',3,16009),
(2071,35733,'571941.jpg',3,17390),
(2074,35734,'565507.jpg',3,17222),
(2077,35735,'571945.jpg',3,17390),
(2080,35736,'571949.jpg',3,16332),
(2083,35737,'571953.jpg',3,17390),
(2086,35738,'571957.jpg',3,17222),
(2089,35739,'571961.jpg',3,17390),
(2092,35740,'1698135.jpg',3,18138),
(2095,35741,'571965.jpg',3,16331),
(2098,35742,'571969.jpg',3,15601),
(2101,35743,'571973.jpg',3,17390),
(2104,35744,'566843.jpg',3,15601),
(2107,35745,'571977.jpg',3,16458),
(2110,35746,'571981.jpg',3,17391),
(2113,35747,'571985.jpg',3,15747),
(2116,35748,'571989.jpg',3,15601),
(2119,35749,'571993.jpg',3,17392),
(2122,35750,'571997.jpg',3,17220),
(2125,35751,'571999.jpg',3,17393),
(2128,35753,'572007.jpg',3,17388),
(2131,35754,'565507.jpg',3,17222),
(2134,35755,'572011.jpg',3,17391),
(2137,35756,'1008321.jpg',3,15667),
(2140,35757,'572015.jpg',3,15796),
(2143,35758,'572019.jpg',3,15798),
(2146,35759,'572023.jpg',3,15918),
(2149,35760,'572027.jpg',3,17220),
(2152,35762,'572035.jpg',3,17391),
(2155,35763,'572037.jpg',3,18176),
(2158,35764,'1008323.jpg',3,15667),
(2161,35765,'572043.jpg',3,17444),
(2164,35766,'572047.jpg',3,18176),
(2167,35767,'572051.jpg',3,16009),
(2170,35768,'1008325.jpg',3,15667),
(2173,35769,'1008327.jpg',3,15667),
(2176,35770,'1008329.jpg',3,15667),
(2179,35771,'1008331.jpg',3,15667),
(2182,35772,'1008333.jpg',3,15667),
(2185,35773,'1008335.jpg',3,15667),
(2188,35774,'1008337.jpg',3,15667),
(2191,35775,'563435.jpg',3,15667),
(2194,35776,'1008339.jpg',3,15667),
(2197,35777,'1008341.jpg',3,15667),
(2200,35778,'1008343.jpg',3,15667),
(2203,35779,'1008345.jpg',3,15667),
(2206,35780,'1008347.jpg',3,15667),
(2209,35781,'1008349.jpg',3,15667),
(2212,35782,'1008351.jpg',3,15667),
(2215,35783,'1008353.jpg',3,15667),
(2218,35784,'1008355.jpg',3,15667),
(2221,35785,'1008357.jpg',3,15667),
(2224,35786,'1008359.jpg',3,15667),
(2227,35787,'1008361.jpg',3,15667),
(2230,35788,'1008363.jpg',3,15667),
(2233,35789,'1008365.jpg',3,15667),
(2236,35790,'1008367.jpg',3,15667),
(2239,35791,'1008369.jpg',3,15667),
(2242,35792,'1008371.jpg',3,15667),
(2245,35793,'1008373.jpg',3,15667),
(2248,35794,'1008375.jpg',3,15667),
(2251,35795,'1008377.jpg',3,15667),
(2254,35796,'1008379.jpg',3,15667),
(2257,35797,'1008381.jpg',3,15667),
(2260,35798,'1008383.jpg',3,15667),
(2263,35799,'1008385.jpg',3,15667),
(2266,35800,'1008387.jpg',3,15667),
(2269,35801,'566486.jpg',3,15667),
(2272,35802,'1008389.jpg',3,15667),
(2275,35804,'1008393.jpg',3,15667),
(2278,35805,'1008395.jpg',3,15667),
(2281,35806,'1008397.jpg',3,15667),
(2284,35807,'1008399.jpg',3,15667),
(2287,35808,'566522.jpg',3,15667),
(2290,35809,'585886.jpg',3,17543),
(2293,35811,'566532.jpg',3,15601),
(2296,35812,'566539.jpg',3,15601),
(2299,35813,'566545.jpg',3,15601),
(2302,35814,'566550.jpg',3,15601),
(2305,35815,'566556.jpg',3,15601),
(2308,35816,'566560.jpg',3,15601),
(2311,35817,'566568.jpg',3,15601),
(2314,35818,'566576.jpg',3,15601),
(2317,35819,'566587.jpg',3,15601),
(2320,35820,'566596.jpg',3,15601),
(2323,35821,'566601.jpg',3,15601),
(2326,35822,'566608.jpg',3,15601),
(2329,35823,'566616.jpg',3,15601),
(2332,35824,'566625.jpg',3,15601),
(2335,35825,'566631.jpg',3,15601),
(2338,35826,'566637.jpg',3,15601),
(2341,35827,'566645.jpg',3,15601),
(2344,35828,'566655.jpg',3,15601),
(2347,35829,'566664.jpg',3,15601),
(2350,35830,'566673.jpg',3,15601),
(2353,35831,'566680.jpg',3,15601),
(2356,35834,'566697.jpg',3,15601),
(2359,35835,'566706.jpg',3,15601),
(2362,35836,'566713.jpg',3,15601),
(2365,35837,'566721.jpg',3,15601),
(2368,35838,'566728.jpg',3,15601),
(2371,35839,'566735.jpg',3,15601),
(2374,35840,'566744.jpg',3,15601),
(2377,35841,'566753.jpg',3,15601),
(2380,35842,'566763.jpg',3,15601),
(2383,35843,'566772.jpg',3,15601),
(2386,35844,'566778.jpg',3,15601),
(2389,35845,'566782.jpg',3,15601),
(2392,35846,'566790.jpg',3,15601),
(2395,35847,'566799.jpg',3,15601),
(2398,35849,'566805.jpg',3,15601),
(2401,35850,'566813.jpg',3,15601),
(2404,35851,'566820.jpg',3,15601),
(2407,35854,'1255237.jpg',3,15601),
(2410,35856,'566834.jpg',3,15601),
(2413,35857,'566843.jpg',3,15601),
(2416,35859,'566851.jpg',3,15601),
(2419,35862,'1255295.jpg',3,15602),
(2422,35863,'566865.jpg',3,15602),
(2425,35864,'566872.jpg',3,15602),
(2426,35864,'1008405.jpg',3,15602),
(2429,35865,'1255295.jpg',3,15602),
(2432,35866,'1255295.jpg',3,15602),
(2435,35867,'1255295.jpg',3,15602),
(2438,35868,'1255295.jpg',3,15602),
(2441,35870,'1255295.jpg',3,15602),
(2444,35871,'1255295.jpg',3,15602),
(2447,35872,'1255295.jpg',3,15602),
(2450,35873,'1255295.jpg',3,15602),
(2453,35874,'1255295.jpg',3,15602),
(2456,35875,'1255295.jpg',3,15602),
(2459,35876,'1008431.jpg',3,15602),
(2462,35877,'1255295.jpg',3,15602),
(2465,35878,'1255295.jpg',3,15602),
(2468,35879,'1255295.jpg',3,15602),
(2471,35880,'1255295.jpg',3,15602),
(2474,35882,'1008443.jpg',3,15602),
(2477,35883,'1008447.jpg',3,15602),
(2480,35884,'1255295.jpg',3,15602),
(2483,35885,'1255295.jpg',3,15602),
(2486,35886,'1585367.jpg',3,15602),
(2489,35887,'1255295.jpg',3,15602),
(2492,35888,'1255295.jpg',3,\N),
(2495,35889,'1255295.jpg',3,15602),
(2498,35890,'1255295.jpg',3,15602),
(2501,35891,'1255295.jpg',3,\N),
(2504,35892,'567039.jpg',3,15602),
(2507,35893,'1255295.jpg',3,15602),
(2510,35894,'1255295.jpg',3,15602),
(2513,35895,'1255295.jpg',3,15602),
(2516,35896,'1255295.jpg',3,15602),
(2519,35897,'1255295.jpg',3,15602),
(2522,35898,'1255295.jpg',3,\N),
(2525,35899,'1255295.jpg',3,15602),
(2528,35901,'1008483.jpg',3,15602),
(2531,35902,'1255295.jpg',3,15602),
(2534,35903,'1008489.jpg',3,15602),
(2537,35904,'1255295.jpg',3,15602),
(2540,35906,'567171.jpg',3,15602),
(2541,35906,'1008495.jpg',3,15602),
(2544,35907,'1255295.jpg',3,15602),
(2547,35908,'1255295.jpg',3,15602),
(2550,35909,'1255295.jpg',3,15602),
(2553,35910,'1255295.jpg',3,15602),
(2556,35911,'1255295.jpg',3,\N),
(2559,35913,'567222.jpg',3,15603),
(2562,35914,'567231.jpg',3,15603),
(2565,35915,'567241.jpg',3,15603),
(2568,35916,'567252.jpg',3,15603),
(2571,35918,'567275.jpg',3,15603),
(2574,35919,'567285.jpg',3,15603),
(2577,35920,'567295.jpg',3,15603),
(2580,35921,'567252.jpg',3,15603),
(2583,35922,'567305.jpg',3,15603),
(2586,35923,'567315.jpg',3,15603),
(2589,35924,'567325.jpg',3,15603),
(2592,35925,'567334.jpg',3,15603),
(2595,35926,'567341.jpg',3,15603),
(2598,35927,'567352.jpg',3,15603),
(2601,35928,'567362.jpg',3,15603),
(2604,35929,'567373.jpg',3,15603),
(2607,35930,'567381.jpg',3,15603),
(2610,35931,'567389.jpg',3,15603),
(2613,35932,'567399.jpg',3,15603),
(2616,35933,'567341.jpg',3,15603),
(2619,35934,'567252.jpg',3,15603),
(2622,35935,'567407.jpg',3,15603),
(2625,35936,'567416.jpg',3,15603),
(2628,35938,'567341.jpg',3,15603),
(2631,35939,'567441.jpg',3,15603),
(2634,35940,'567457.jpg',3,15603),
(2637,35941,'567468.jpg',3,15603),
(2640,35942,'567477.jpg',3,15603),
(2643,35943,'567487.jpg',3,15603),
(2646,35944,'567497.jpg',3,15603),
(2649,35946,'567507.jpg',3,15603),
(2652,35947,'567325.jpg',3,15603),
(2655,35948,'567266.jpg',3,15603),
(2658,35949,'567518.jpg',3,15603),
(2661,35950,'567527.jpg',3,15603),
(2664,35952,'567542.jpg',3,15603),
(2667,35953,'567554.jpg',3,15603),
(2670,35955,'567562.jpg',3,15603),
(2673,35956,'567571.jpg',3,15603),
(2676,35957,'567341.jpg',3,15603),
(2679,35958,'567341.jpg',3,15603),
(2682,35959,'567580.jpg',3,15603),
(2685,35961,'1008511.jpg',3,15714),
(2686,35961,'1008513.jpg',3,15714),
(2689,35962,'567600.jpg',3,15714),
(2690,35962,'567605.jpg',3,15714),
(2693,35963,'567609.jpg',3,15714),
(2694,35963,'567614.jpg',3,15714),
(2697,35964,'567621.jpg',3,15714),
(2698,35964,'567626.jpg',3,15714),
(2701,35965,'567632.jpg',3,15714),
(2702,35965,'567637.jpg',3,15714),
(2705,35966,'1008517.jpg',3,15714),
(2706,35966,'1008519.jpg',3,15714),
(2709,35967,'1008523.jpg',3,15714),
(2710,35967,'1008525.jpg',3,15714),
(2713,35968,'1008529.jpg',3,15714),
(2714,35968,'1008531.jpg',3,15714),
(2717,35969,'567667.jpg',3,15714),
(2718,35969,'567671.jpg',3,15714),
(2721,35970,'567676.jpg',3,15714),
(2722,35970,'567681.jpg',3,15714),
(2725,35971,'567600.jpg',3,15714),
(2726,35971,'567605.jpg',3,15714),
(2729,35972,'567692.jpg',3,15714),
(2732,35973,'1008535.jpg',3,15714),
(2733,35973,'1008537.jpg',3,15714),
(2736,35974,'567705.jpg',3,15714),
(2737,35974,'567710.jpg',3,15714),
(2740,35975,'1008541.jpg',3,15714),
(2741,35975,'1008543.jpg',3,15714),
(2744,35976,'567731.jpg',3,15714),
(2745,35976,'1008545.jpg',3,15714),
(2748,35977,'1008549.jpg',3,15714),
(2749,35977,'1008551.jpg',3,15714),
(2752,35979,'567600.jpg',3,15714),
(2753,35979,'567605.jpg',3,15714),
(2756,35980,'567600.jpg',3,15714),
(2757,35980,'567605.jpg',3,15714),
(2760,35981,'1008555.jpg',3,15714),
(2761,35981,'1008557.jpg',3,15714),
(2764,35982,'1008561.jpg',3,15714),
(2765,35982,'1008563.jpg',3,15714),
(2768,35983,'567780.jpg',3,15714),
(2769,35983,'567785.jpg',3,15714),
(2772,35984,'567789.jpg',3,15714),
(2773,35984,'567794.jpg',3,15714),
(2776,35986,'567811.jpg',3,15600),
(2779,35987,'567821.jpg',3,15600),
(2782,35988,'567832.jpg',3,15600),
(2785,35989,'567841.jpg',3,15600),
(2788,35990,'567849.jpg',3,15600),
(2791,35991,'567853.jpg',3,15600),
(2794,35992,'567861.jpg',3,15600),
(2797,35993,'567870.jpg',3,15600),
(2800,35995,'1008567.jpg',3,15640),
(2801,35995,'1008569.jpg',3,15640),
(2804,35996,'567894.jpg',3,15640),
(2807,35997,'1008573.jpg',3,15640),
(2808,35997,'1008575.jpg',3,15640),
(2811,35998,'1008579.jpg',3,15640),
(2812,35998,'1008581.jpg',3,15640),
(2815,35999,'567911.jpg',3,15640),
(2816,35999,'567913.jpg',3,15640),
(2819,36000,'567917.jpg',3,15640),
(2822,36001,'1008585.jpg',3,15640),
(2823,36001,'1008587.jpg',3,15640),
(2826,36002,'1008591.jpg',3,15640),
(2827,36002,'1008593.jpg',3,15640),
(2830,36003,'1008597.jpg',3,15640),
(2831,36003,'1008599.jpg',3,15640),
(2834,36004,'567931.jpg',3,15640),
(2835,36004,'567933.jpg',3,15640),
(2838,36005,'1008603.jpg',3,15640),
(2839,36005,'1008605.jpg',3,15640),
(2842,36006,'567939.jpg',3,15640),
(2843,36006,'567941.jpg',3,15640),
(2846,36007,'1008609.jpg',3,15640),
(2847,36007,'1008611.jpg',3,15640),
(2850,36011,'1008627.jpg',3,15640),
(2851,36011,'1008629.jpg',3,15640),
(2854,36012,'567961.jpg',3,15640),
(2855,36012,'567963.jpg',3,15640),
(2858,36013,'1008633.jpg',3,15640),
(2859,36013,'1008635.jpg',3,15640),
(2862,36014,'1008639.jpg',3,15640),
(2863,36014,'1008641.jpg',3,15640),
(2866,36015,'1008645.jpg',3,15640),
(2867,36015,'1008647.jpg',3,15640),
(2870,36017,'1008657.jpg',3,15640),
(2871,36017,'1008659.jpg',3,15640),
(2874,36018,'1008663.jpg',3,15640),
(2875,36018,'1008665.jpg',3,15640),
(2878,36019,'567985.jpg',3,15640),
(2879,36019,'567987.jpg',3,15640),
(2882,36020,'1008669.jpg',3,15640),
(2883,36020,'1008671.jpg',3,15640),
(2886,36021,'567991.jpg',3,15640),
(2889,36022,'567993.jpg',3,15640),
(2890,36022,'567995.jpg',3,15640),
(2893,36024,'568003.jpg',3,15640),
(2894,36024,'1008675.jpg',3,15640),
(2897,36025,'568005.jpg',3,15640),
(2898,36025,'568007.jpg',3,15640),
(2901,36026,'1008679.jpg',3,15640),
(2902,36026,'1008681.jpg',3,15640),
(2905,36027,'1008685.jpg',3,\N),
(2906,36027,'1008687.jpg',3,\N),
(2909,36028,'568017.jpg',3,15640),
(2910,36028,'568019.jpg',3,15640),
(2913,36030,'572055.jpg',3,15598),
(2916,36031,'572059.jpg',3,15598),
(2919,36032,'572061.jpg',3,15598),
(2922,36033,'572065.jpg',3,15598),
(2925,36034,'572069.jpg',3,15598),
(2928,36035,'572073.jpg',3,15598),
(2931,36036,'572077.jpg',3,15598),
(2934,36038,'1008691.jpg',3,15677),
(2935,36038,'1008693.jpg',3,15677),
(2938,36039,'1008697.jpg',3,15677),
(2939,36039,'1008699.jpg',3,15677),
(2942,36040,'1008703.jpg',3,15677),
(2943,36040,'1008705.jpg',3,15677),
(2946,36041,'1008709.jpg',3,15677),
(2947,36041,'1008711.jpg',3,15677),
(2950,36042,'1008715.jpg',3,15677),
(2951,36042,'1008717.jpg',3,15677),
(2954,36043,'1008721.jpg',3,15677),
(2955,36043,'1008723.jpg',3,15677),
(2958,36044,'1008727.jpg',3,15677),
(2959,36044,'1008729.jpg',3,15677),
(2962,36045,'1008733.jpg',3,15677),
(2963,36045,'1008735.jpg',3,15677),
(2966,36046,'1008739.jpg',3,15677),
(2967,36046,'1008741.jpg',3,15677),
(2970,36047,'1008745.jpg',3,15677),
(2971,36047,'1008747.jpg',3,15677),
(2974,36048,'1008751.jpg',3,15677),
(2975,36048,'1008753.jpg',3,15677),
(2978,36050,'572105.jpg',3,15677),
(2981,36051,'1008763.jpg',3,15677),
(2982,36051,'1008765.jpg',3,15677),
(2985,36052,'1008769.jpg',3,15677),
(2986,36052,'1008771.jpg',3,15677),
(2989,36053,'1008775.jpg',3,15677),
(2990,36053,'1008777.jpg',3,15677),
(2993,36054,'1008781.jpg',3,15677),
(2994,36054,'1008783.jpg',3,15677),
(2997,36055,'1008787.jpg',3,15677),
(2998,36055,'1008789.jpg',3,15677),
(3001,36057,'1008799.jpg',3,15677),
(3002,36057,'1008801.jpg',3,15677),
(3005,36058,'1008805.jpg',3,15677),
(3006,36058,'1008807.jpg',3,15677),
(3009,36060,'1008817.jpg',3,15677),
(3010,36060,'1008819.jpg',3,15677),
(3013,36061,'1008823.jpg',3,15677),
(3014,36061,'1008825.jpg',3,15677),
(3017,36062,'1008829.jpg',3,15677),
(3018,36062,'1008831.jpg',3,15677),
(3021,36063,'1008835.jpg',3,15677),
(3022,36063,'1008837.jpg',3,15677),
(3025,36064,'1008841.jpg',3,15677),
(3026,36064,'1008843.jpg',3,15677),
(3029,36065,'1008847.jpg',3,15677),
(3030,36065,'1008849.jpg',3,15677),
(3033,36066,'1008853.jpg',3,15677),
(3034,36066,'1008855.jpg',3,15677),
(3037,36067,'1008859.jpg',3,15677)
Thu, 23 Jan 2014 10:46:34 +0200
----------
CREATE FUNCTION `parse_str`(
        str VARCHAR(50),
        cnt SMALLINT
    ) RETURNS varchar(50) CHARSET utf8
    DETERMINISTIC
BEGIN	
	SET @buf = TRIM(LEFT(TRIM(str), CHAR_LENGTH(TRIM(str)) - cnt));
	RETURN @buf;    
END
Mon, 27 Jan 2014 15:48:44 +0200
----------
CREATE FUNCTION `parse_str`(
        str VARCHAR(50),
        cnt SMALLINT
    ) RETURNS varchar(50) CHARSET utf8
    DETERMINISTIC
BEGIN	
	SET @buf = TRIM(LEFT(TRIM(str), CHAR_LENGTH(TRIM(str)) - cnt));
	RETURN @buf;    
END
Tue, 28 Jan 2014 10:27:00 +0200
----------
CREATE FUNCTION `parse_str`(
        str VARCHAR(50),
        cnt SMALLINT
    ) RETURNS varchar(50) CHARSET utf8
    DETERMINISTIC
BEGIN	
	SET @buf = TRIM(LEFT(TRIM(str), CHAR_LENGTH(TRIM(str)) - cnt));
	RETURN @buf;    
END
Wed, 05 Feb 2014 16:07:11 +0200
----------
CREATE FUNCTION `parse_str`(
        str VARCHAR(50),
        cnt SMALLINT
    ) RETURNS varchar(50) CHARSET utf8
    DETERMINISTIC
BEGIN	
	SET @buf = TRIM(LEFT(TRIM(str), CHAR_LENGTH(TRIM(str)) - cnt));
	RETURN @buf;    
END
Wed, 05 Feb 2014 16:07:25 +0200
----------
CREATE FUNCTION `parse_str`(
        str VARCHAR(50),
        cnt SMALLINT
    ) RETURNS varchar(50) CHARSET utf8
    DETERMINISTIC
BEGIN	
	SET @buf = TRIM(LEFT(TRIM(str), CHAR_LENGTH(TRIM(str)) - cnt));
	RETURN @buf;    
END
Thu, 13 Feb 2014 12:46:54 +0200
----------
INSERT INTO `avto_marks`(`id`,`value`,`translit`,`description`,`title`,`meta_keywords`,`meta_description`,`image`,`edittime`) VALUES 
 
(1,'Acura','acura',\N,\N,\N,\N,\N,1392027597),
(2,'Alfa Romeo','alfa-romeo',\N,\N,\N,\N,\N,1392027597),
(3,'Aston Martin','aston-martin',\N,\N,\N,\N,\N,1392027597),
(4,'Audi','audi',\N,\N,\N,\N,\N,1392027597),
(5,'Bentley','bentley',\N,\N,\N,\N,\N,1392027597),
(6,'BMW','bmw',\N,\N,\N,\N,\N,1392027597),
(7,'Brilliance','brilliance',\N,\N,\N,\N,\N,1392027597),
(8,'Buick','buick',\N,\N,\N,\N,\N,1392027597),
(9,'BYD','byd',\N,\N,\N,\N,\N,1392027597),
(10,'Cadillac','cadillac',\N,\N,\N,\N,\N,1392027597),
(11,'Chery','chery',\N,\N,\N,\N,\N,1392027597),
(12,'Chevrolet','chevrolet',\N,\N,\N,\N,\N,1392027597),
(13,'Chrysler','chrysler',\N,\N,\N,\N,\N,1392027597),
(14,'Citroen','citroen',\N,\N,\N,\N,\N,1392027597),
(15,'Dadi','dadi',\N,\N,\N,\N,\N,1392027597),
(16,'Daewoo','daewoo',\N,\N,\N,\N,\N,1392027597),
(17,'Daihatsu','daihatsu',\N,\N,\N,\N,\N,1392027597),
(18,'Derways','derways',\N,\N,\N,\N,\N,1392027597),
(19,'Dodge','dodge',\N,\N,\N,\N,\N,1392027597),
(20,'FAW','faw',\N,\N,\N,\N,\N,1392027597),
(21,'Ferrari','ferrari',\N,\N,\N,\N,\N,1392027597),
(22,'Fiat','fiat',\N,\N,\N,\N,\N,1392027597),
(23,'Ford','ford',\N,\N,\N,\N,\N,1392027597),
(24,'Geely','geely',\N,\N,\N,\N,\N,1392027597),
(25,'GMC','gmc',\N,\N,\N,\N,\N,1392027597),
(26,'Great Wall','great-wall',\N,\N,\N,\N,\N,1392027597),
(27,'Haima','haima',\N,\N,\N,\N,\N,1392027597),
(28,'Honda','honda',\N,\N,\N,\N,\N,1392027597),
(29,'Hummer','hummer',\N,\N,\N,\N,\N,1392027597),
(30,'Hyundai','hyundai',\N,\N,\N,\N,\N,1392027597),
(31,'Infiniti','infiniti',\N,\N,\N,\N,\N,1392027597),
(32,'Isuzu','isuzu',\N,\N,\N,\N,\N,1392027597),
(33,'Iveco','iveco',\N,\N,\N,\N,\N,1392027597),
(34,'Jaguar','jaguar',\N,\N,\N,\N,\N,1392027597),
(35,'Jeep','jeep',\N,\N,\N,\N,\N,1392027597),
(36,'Jiangling','jiangling',\N,'','','','',1392030553),
(37,'JMC','jmc',\N,\N,\N,\N,\N,1392027597),
(38,'Kia','kia',\N,\N,\N,\N,\N,1392027597),
(39,'Lamborghini','lamborghini',\N,\N,\N,\N,\N,1392027597),
(40,'Lancia','lancia',\N,\N,\N,\N,\N,1392027597),
(41,'Land Rover','land-rover',\N,\N,\N,\N,\N,1392027597),
(42,'Landwind','landwind',\N,\N,\N,\N,\N,1392027597),
(43,'Lexus','lexus',\N,\N,\N,\N,\N,1392027597),
(44,'Lifan','lifan',\N,\N,\N,\N,\N,1392027597),
(45,'Lincoln','lincoln',\N,\N,\N,\N,\N,1392027597),
(46,'Lotus','lotus',\N,\N,\N,\N,\N,1392027597),
(47,'Maserati','maserati',\N,\N,\N,\N,\N,1392027597),
(48,'Maybach','maybach',\N,\N,\N,\N,\N,1392027597),
(49,'Mazda','mazda',\N,\N,\N,\N,\N,1392027597),
(50,'Mercedes','mercedes',\N,\N,\N,\N,\N,1392027597),
(51,'Mercury','mercury',\N,\N,\N,\N,\N,1392027597),
(52,'MG','mg',\N,\N,\N,\N,\N,1392027597),
(53,'Mini','mini',\N,\N,\N,\N,\N,1392027597),
(54,'Mitsubishi','mitsubishi',\N,\N,\N,\N,\N,1392027597),
(55,'Mosler','mosler',\N,\N,\N,\N,\N,1392027597),
(56,'Nissan','nissan',\N,\N,\N,\N,\N,1392027597),
(57,'Oldsmobile','oldsmobile',\N,\N,\N,\N,\N,1392027597),
(58,'Opel','opel',\N,\N,\N,\N,\N,1392027597),
(59,'Panoz','panoz',\N,\N,\N,\N,\N,1392027597),
(60,'Peugeot','peugeot',\N,\N,\N,\N,\N,1392027597),
(61,'Plymouth','plymouth',\N,\N,\N,\N,\N,1392027597),
(62,'Pontiac','pontiac',\N,\N,\N,\N,\N,1392027597),
(63,'Porsche','porsche',\N,\N,\N,\N,\N,1392027597),
(64,'Ram','ram',\N,\N,\N,\N,\N,1392027597),
(65,'Renault','renault',\N,\N,\N,\N,\N,1392027597),
(66,'Rolls Royce','rolls-royce',\N,\N,\N,\N,\N,1392027597),
(67,'Rover','rover',\N,\N,\N,\N,\N,1392027597),
(68,'Saab','saab',\N,\N,\N,\N,\N,1392027597),
(69,'Saleen','saleen',\N,\N,\N,\N,\N,1392027597),
(70,'Saturn','saturn',\N,\N,\N,\N,\N,1392027597),
(71,'Scion','scion',\N,\N,\N,\N,\N,1392027597),
(72,'Seat','seat',\N,\N,\N,\N,\N,1392027597),
(73,'Skoda','skoda',\N,\N,\N,\N,\N,1392027597),
(74,'Smart','smart',\N,\N,\N,\N,\N,1392027597),
(75,'Ssang Yong','ssang-yong',\N,\N,\N,\N,\N,1392027597),
(76,'Subaru','subaru',\N,\N,\N,\N,\N,1392027597),
(77,'Suzuki','suzuki',\N,\N,\N,\N,\N,1392027597),
(78,'Toyota','toyota',\N,\N,\N,\N,\N,1392027597),
(79,'Volkswagen','volkswagen',\N,\N,\N,\N,\N,1392027597),
(80,'Volvo','volvo',\N,\N,\N,\N,\N,1392027597),
(81,'Xin Kai','xin-kai',\N,\N,\N,\N,\N,1392027597),
(82,'ZAZ','zaz',\N,\N,\N,\N,\N,1392027597),
(83,'ZX','zx',\N,\N,\N,\N,\N,1392027597),
(84,'ВАЗ','vaz',\N,\N,\N,\N,\N,1392027597),
(85,'ГАЗ','gaz',\N,\N,\N,\N,\N,1392027597),
(86,'ТагАЗ','tagaz',\N,\N,\N,\N,\N,1392027597),
(87,'УАЗ','uaz',\N,\N,\N,\N,\N,1392027597)
Thu, 13 Feb 2014 12:47:18 +0200
----------
CREATE ALGORITHM=UNDEFINED SQL SECURITY DEFINER VIEW `pages_view` AS select cast(concat(100,`pages`.`id`) as unsigned) AS `id`,0 AS `parent_id`,`pages`.`id` AS `table_id`,'Pages' AS `model_name`,`pages`.`page_key` AS `page_key`,`pages`.`label` AS `label`,`pages`.`hasText` AS `hasText`,`pages`.`text` AS `text`,`pages`.`title` AS `title`,`pages`.`meta_keywords` AS `meta_keywords`,`pages`.`meta_description` AS `meta_description`,cast(concat(100,`pages`.`id`) as unsigned) AS `path`,0 AS `level` from `pages` union select cast(concat(200,`disks_type`.`id`) as unsigned) AS `CAST(CONCAT(200, id) as UNSIGNED)`,(select cast(concat(100,`pages`.`id`) as unsigned) from `pages` where (`pages`.`page_key` = 'diski')) AS `(SELECT CAST(CONCAT(100, id) as UNSIGNED) FROM pages WHERE page_key = "diski")`,`disks_type`.`id` AS `id`,'DisksType' AS `DisksType`,concat('diski-',`disks_type`.`translit`) AS `CONCAT("diski-", translit)`,concat('Диски ',`disks_type`.`value`) AS `CONCAT("Диски ", value)`,1 AS `1`,`disks_type`.`text` AS `text`,`disks_type`.`title` AS `title`,`disks_type`.`meta_keywords` AS `meta_keywords`,`disks_type`.`meta_description` AS `meta_description`,concat((select cast(concat(100,`pages`.`id`) as unsigned) from `pages` where (`pages`.`page_key` = 'diski')),'-',cast(concat(200,`disks_type`.`id`) as unsigned)) AS `CONCAT((SELECT CAST(CONCAT(100, id) as UNSIGNED) FROM pages WHERE page_key = "diski"),"-",CAST(CONCAT(200, id) as UNSIGNED))`,1 AS `level` from `disks_type` where (`disks_type`.`id` > 1) union select cast(concat(300,`shins_season`.`id`) as unsigned) AS `CAST(CONCAT(300, id) as UNSIGNED)`,(select cast(concat(100,`pages`.`id`) as unsigned) from `pages` where (`pages`.`page_key` = 'shini')) AS `(SELECT CAST(CONCAT(100, id) as UNSIGNED) FROM pages WHERE page_key = "shini")`,`shins_season`.`id` AS `id`,'ShinsSeason' AS `ShinsSeason`,concat('shini-',`shins_season`.`translit`) AS `CONCAT("shini-", translit)`,concat('Шины ',`shins_season`.`value`) AS `CONCAT("Шины ", value)`,1 AS `1`,`shins_season`.`text` AS `text`,`shins_season`.`title` AS `title`,`shins_season`.`meta_keywords` AS `meta_keywords`,`shins_season`.`meta_description` AS `meta_description`,concat((select cast(concat(100,`pages`.`id`) as unsigned) from `pages` where (`pages`.`page_key` = 'shini')),'-',cast(concat(300,`shins_season`.`id`) as unsigned)) AS `CONCAT((SELECT CAST(CONCAT(100, id) as UNSIGNED) FROM pages WHERE page_key = "shini"), "-", CAST(CONCAT(300, id) as UNSIGNED))`,1 AS `level` from `shins_season` where (`shins_season`.`id` > 1)
Thu, 13 Feb 2014 12:52:33 +0200
----------
CREATE ALGORITHM=UNDEFINED SQL SECURITY DEFINER VIEW `pages_view` AS select cast(concat(100,`pages`.`id`) as unsigned) AS `id`,0 AS `parent_id`,`pages`.`id` AS `table_id`,'Pages' AS `model_name`,`pages`.`page_key` AS `page_key`,`pages`.`label` AS `label`,`pages`.`hasText` AS `hasText`,`pages`.`text` AS `text`,`pages`.`title` AS `title`,`pages`.`meta_keywords` AS `meta_keywords`,`pages`.`meta_description` AS `meta_description`,cast(concat(100,`pages`.`id`) as unsigned) AS `path`,0 AS `level` from `pages` union select cast(concat(200,`disks_type`.`id`) as unsigned) AS `CAST(CONCAT(200, id) as UNSIGNED)`,(select cast(concat(100,`pages`.`id`) as unsigned) from `pages` where (`pages`.`page_key` = 'diski')) AS `(SELECT CAST(CONCAT(100, id) as UNSIGNED) FROM pages WHERE page_key = "diski")`,`disks_type`.`id` AS `id`,'DisksType' AS `DisksType`,concat('diski-',`disks_type`.`translit`) AS `CONCAT("diski-", translit)`,concat('Диски ',`disks_type`.`value`) AS `CONCAT("Диски ", value)`,1 AS `1`,`disks_type`.`text` AS `text`,`disks_type`.`title` AS `title`,`disks_type`.`meta_keywords` AS `meta_keywords`,`disks_type`.`meta_description` AS `meta_description`,concat((select cast(concat(100,`pages`.`id`) as unsigned) from `pages` where (`pages`.`page_key` = 'diski')),'-',cast(concat(200,`disks_type`.`id`) as unsigned)) AS `CONCAT((SELECT CAST(CONCAT(100, id) as UNSIGNED) FROM pages WHERE page_key = "diski"),"-",CAST(CONCAT(200, id) as UNSIGNED))`,1 AS `level` from `disks_type` where (`disks_type`.`id` > 1) union select cast(concat(300,`shins_season`.`id`) as unsigned) AS `CAST(CONCAT(300, id) as UNSIGNED)`,(select cast(concat(100,`pages`.`id`) as unsigned) from `pages` where (`pages`.`page_key` = 'shini')) AS `(SELECT CAST(CONCAT(100, id) as UNSIGNED) FROM pages WHERE page_key = "shini")`,`shins_season`.`id` AS `id`,'ShinsSeason' AS `ShinsSeason`,concat('shini-',`shins_season`.`translit`) AS `CONCAT("shini-", translit)`,concat('Шины ',`shins_season`.`value`) AS `CONCAT("Шины ", value)`,1 AS `1`,`shins_season`.`text` AS `text`,`shins_season`.`title` AS `title`,`shins_season`.`meta_keywords` AS `meta_keywords`,`shins_season`.`meta_description` AS `meta_description`,concat((select cast(concat(100,`pages`.`id`) as unsigned) from `pages` where (`pages`.`page_key` = 'shini')),'-',cast(concat(300,`shins_season`.`id`) as unsigned)) AS `CONCAT((SELECT CAST(CONCAT(100, id) as UNSIGNED) FROM pages WHERE page_key = "shini"), "-", CAST(CONCAT(300, id) as UNSIGNED))`,1 AS `level` from `shins_season` where (`shins_season`.`id` > 1)
Fri, 28 Feb 2014 12:51:04 +0200
----------
CREATE ALGORITHM=UNDEFINED SQL SECURITY DEFINER VIEW `pages_view` AS select cast(concat(100,`pages`.`id`) as unsigned) AS `id`,0 AS `parent_id`,`pages`.`id` AS `table_id`,'Pages' AS `model_name`,`pages`.`page_key` AS `page_key`,`pages`.`label` AS `label`,`pages`.`hasText` AS `hasText`,`pages`.`text` AS `text`,`pages`.`title` AS `title`,`pages`.`meta_keywords` AS `meta_keywords`,`pages`.`meta_description` AS `meta_description`,cast(concat(100,`pages`.`id`) as unsigned) AS `path`,0 AS `level` from `pages` union select cast(concat(200,`disks_type`.`id`) as unsigned) AS `CAST(CONCAT(200, id) as UNSIGNED)`,(select cast(concat(100,`pages`.`id`) as unsigned) from `pages` where (`pages`.`page_key` = 'diski')) AS `(SELECT CAST(CONCAT(100, id) as UNSIGNED) FROM pages WHERE page_key = "diski")`,`disks_type`.`id` AS `id`,'DisksType' AS `DisksType`,concat('diski-',`disks_type`.`translit`) AS `CONCAT("diski-", translit)`,concat('Диски ',`disks_type`.`value`) AS `CONCAT("Диски ", value)`,1 AS `1`,`disks_type`.`text` AS `text`,`disks_type`.`title` AS `title`,`disks_type`.`meta_keywords` AS `meta_keywords`,`disks_type`.`meta_description` AS `meta_description`,concat((select cast(concat(100,`pages`.`id`) as unsigned) from `pages` where (`pages`.`page_key` = 'diski')),'-',cast(concat(200,`disks_type`.`id`) as unsigned)) AS `CONCAT((SELECT CAST(CONCAT(100, id) as UNSIGNED) FROM pages WHERE page_key = "diski"),"-",CAST(CONCAT(200, id) as UNSIGNED))`,1 AS `level` from `disks_type` where (`disks_type`.`id` > 1) union select cast(concat(300,`shins_season`.`id`) as unsigned) AS `CAST(CONCAT(300, id) as UNSIGNED)`,(select cast(concat(100,`pages`.`id`) as unsigned) from `pages` where (`pages`.`page_key` = 'shini')) AS `(SELECT CAST(CONCAT(100, id) as UNSIGNED) FROM pages WHERE page_key = "shini")`,`shins_season`.`id` AS `id`,'ShinsSeason' AS `ShinsSeason`,concat('shini-',`shins_season`.`translit`) AS `CONCAT("shini-", translit)`,concat('Шины ',`shins_season`.`value`) AS `CONCAT("Шины ", value)`,1 AS `1`,`shins_season`.`text` AS `text`,`shins_season`.`title` AS `title`,`shins_season`.`meta_keywords` AS `meta_keywords`,`shins_season`.`meta_description` AS `meta_description`,concat((select cast(concat(100,`pages`.`id`) as unsigned) from `pages` where (`pages`.`page_key` = 'shini')),'-',cast(concat(300,`shins_season`.`id`) as unsigned)) AS `CONCAT((SELECT CAST(CONCAT(100, id) as UNSIGNED) FROM pages WHERE page_key = "shini"), "-", CAST(CONCAT(300, id) as UNSIGNED))`,1 AS `level` from `shins_season` where (`shins_season`.`id` > 1)
Fri, 01 Aug 2014 14:09:44 +0300
----------
CREATE ALGORITHM=UNDEFINED SQL SECURITY DEFINER VIEW `pages_view` AS select cast(concat(100,`pages`.`id`) as unsigned) AS `id`,0 AS `parent_id`,`pages`.`id` AS `table_id`,'Pages' AS `model_name`,`pages`.`page_key` AS `page_key`,`pages`.`label` AS `label`,`pages`.`hasText` AS `hasText`,`pages`.`text` AS `text`,`pages`.`title` AS `title`,`pages`.`meta_keywords` AS `meta_keywords`,`pages`.`meta_description` AS `meta_description`,cast(concat(100,`pages`.`id`) as unsigned) AS `path`,0 AS `level` from `pages` union select cast(concat(200,`disks_type`.`id`) as unsigned) AS `CAST(CONCAT(200, id) as UNSIGNED)`,(select cast(concat(100,`pages`.`id`) as unsigned) from `pages` where (`pages`.`page_key` = 'diski')) AS `(SELECT CAST(CONCAT(100, id) as UNSIGNED) FROM pages WHERE page_key = "diski")`,`disks_type`.`id` AS `id`,'DisksType' AS `DisksType`,concat('diski-',`disks_type`.`translit`) AS `CONCAT("diski-", translit)`,concat('Диски ',`disks_type`.`value`) AS `CONCAT("Диски ", value)`,1 AS `1`,`disks_type`.`text` AS `text`,`disks_type`.`title` AS `title`,`disks_type`.`meta_keywords` AS `meta_keywords`,`disks_type`.`meta_description` AS `meta_description`,concat((select cast(concat(100,`pages`.`id`) as unsigned) from `pages` where (`pages`.`page_key` = 'diski')),'-',cast(concat(200,`disks_type`.`id`) as unsigned)) AS `CONCAT((SELECT CAST(CONCAT(100, id) as UNSIGNED) FROM pages WHERE page_key = "diski"),"-",CAST(CONCAT(200, id) as UNSIGNED))`,1 AS `level` from `disks_type` where (`disks_type`.`id` > 1) union select cast(concat(300,`shins_season`.`id`) as unsigned) AS `CAST(CONCAT(300, id) as UNSIGNED)`,(select cast(concat(100,`pages`.`id`) as unsigned) from `pages` where (`pages`.`page_key` = 'shini')) AS `(SELECT CAST(CONCAT(100, id) as UNSIGNED) FROM pages WHERE page_key = "shini")`,`shins_season`.`id` AS `id`,'ShinsSeason' AS `ShinsSeason`,concat('shini-',`shins_season`.`translit`) AS `CONCAT("shini-", translit)`,concat('Шины ',`shins_season`.`value`) AS `CONCAT("Шины ", value)`,1 AS `1`,`shins_season`.`text` AS `text`,`shins_season`.`title` AS `title`,`shins_season`.`meta_keywords` AS `meta_keywords`,`shins_season`.`meta_description` AS `meta_description`,concat((select cast(concat(100,`pages`.`id`) as unsigned) from `pages` where (`pages`.`page_key` = 'shini')),'-',cast(concat(300,`shins_season`.`id`) as unsigned)) AS `CONCAT((SELECT CAST(CONCAT(100, id) as UNSIGNED) FROM pages WHERE page_key = "shini"), "-", CAST(CONCAT(300, id) as UNSIGNED))`,1 AS `level` from `shins_season` where (`shins_season`.`id` > 1)
Fri, 01 Aug 2014 14:17:31 +0300
----------
CREATE ALGORITHM=UNDEFINED SQL SECURITY DEFINER VIEW `pages_view` AS select cast(concat(100,`pages`.`id`) as unsigned) AS `id`,0 AS `parent_id`,`pages`.`id` AS `table_id`,'Pages' AS `model_name`,`pages`.`page_key` AS `page_key`,`pages`.`label` AS `label`,`pages`.`hasText` AS `hasText`,`pages`.`text` AS `text`,`pages`.`title` AS `title`,`pages`.`meta_keywords` AS `meta_keywords`,`pages`.`meta_description` AS `meta_description`,cast(concat(100,`pages`.`id`) as unsigned) AS `path`,0 AS `level` from `pages` union select cast(concat(200,`disks_type`.`id`) as unsigned) AS `CAST(CONCAT(200, id) as UNSIGNED)`,(select cast(concat(100,`pages`.`id`) as unsigned) from `pages` where (`pages`.`page_key` = 'diski')) AS `(SELECT CAST(CONCAT(100, id) as UNSIGNED) FROM pages WHERE page_key = "diski")`,`disks_type`.`id` AS `id`,'DisksType' AS `DisksType`,concat('diski-',`disks_type`.`translit`) AS `CONCAT("diski-", translit)`,concat('Диски ',`disks_type`.`value`) AS `CONCAT("Диски ", value)`,1 AS `1`,`disks_type`.`text` AS `text`,`disks_type`.`title` AS `title`,`disks_type`.`meta_keywords` AS `meta_keywords`,`disks_type`.`meta_description` AS `meta_description`,concat((select cast(concat(100,`pages`.`id`) as unsigned) from `pages` where (`pages`.`page_key` = 'diski')),'-',cast(concat(200,`disks_type`.`id`) as unsigned)) AS `CONCAT((SELECT CAST(CONCAT(100, id) as UNSIGNED) FROM pages WHERE page_key = "diski"),"-",CAST(CONCAT(200, id) as UNSIGNED))`,1 AS `level` from `disks_type` where (`disks_type`.`id` > 1) union select cast(concat(300,`shins_season`.`id`) as unsigned) AS `CAST(CONCAT(300, id) as UNSIGNED)`,(select cast(concat(100,`pages`.`id`) as unsigned) from `pages` where (`pages`.`page_key` = 'shini')) AS `(SELECT CAST(CONCAT(100, id) as UNSIGNED) FROM pages WHERE page_key = "shini")`,`shins_season`.`id` AS `id`,'ShinsSeason' AS `ShinsSeason`,concat('shini-',`shins_season`.`translit`) AS `CONCAT("shini-", translit)`,concat('Шины ',`shins_season`.`value`) AS `CONCAT("Шины ", value)`,1 AS `1`,`shins_season`.`text` AS `text`,`shins_season`.`title` AS `title`,`shins_season`.`meta_keywords` AS `meta_keywords`,`shins_season`.`meta_description` AS `meta_description`,concat((select cast(concat(100,`pages`.`id`) as unsigned) from `pages` where (`pages`.`page_key` = 'shini')),'-',cast(concat(300,`shins_season`.`id`) as unsigned)) AS `CONCAT((SELECT CAST(CONCAT(100, id) as UNSIGNED) FROM pages WHERE page_key = "shini"), "-", CAST(CONCAT(300, id) as UNSIGNED))`,1 AS `level` from `shins_season` where (`shins_season`.`id` > 1)
